<?xml version="1.0" encoding="UTF-8"?>
<!-- Generated by org.testng.reporters.JUnitReportReporter -->
<testsuite hostname="LAPTOP-8UKHKL7O" failures="0" tests="20" name="Ecommerce_Automation.Shopping_app.FlipkartTest" time="51.246" errors="0" timestamp="2024-09-29T23:01:28 IST" skipped="2">
  <testcase classname="Ecommerce_Automation.Shopping_app.FlipkartTest" name="searchForProduct" time="2.532"/>
  <system-out/>
  <testcase classname="Ecommerce_Automation.Shopping_app.FlipkartTest" name="searchForProduct" time="3.052"/>
  <system-out/>
  <testcase classname="Ecommerce_Automation.Shopping_app.FlipkartTest" name="applyPriceFilter" time="8.362"/>
  <system-out/>
  <testcase classname="Ecommerce_Automation.Shopping_app.FlipkartTest" name="applyPriceFilter" time="8.564"/>
  <system-out/>
  <testcase classname="Ecommerce_Automation.Shopping_app.FlipkartTest" name="applyStarRatingFilter" time="3.391"/>
  <system-out/>
  <testcase classname="Ecommerce_Automation.Shopping_app.FlipkartTest" name="applyStarRatingFilter" time="3.253"/>
  <system-out/>
  <testcase classname="Ecommerce_Automation.Shopping_app.FlipkartTest" name="sortItemsLowToHigh" time="0.688"/>
  <system-out/>
  <testcase classname="Ecommerce_Automation.Shopping_app.FlipkartTest" name="sortItemsLowToHigh" time="0.975"/>
  <system-out/>
  <testcase classname="Ecommerce_Automation.Shopping_app.FlipkartTest" name="selectFifthItem" time="3.474"/>
  <system-out/>
  <testcase classname="Ecommerce_Automation.Shopping_app.FlipkartTest" name="selectFifthItem" time="3.226"/>
  <system-out/>
  <testcase classname="Ecommerce_Automation.Shopping_app.FlipkartTest" name="switchToNewTabAndAddToCart" time="3.381"/>
  <system-out/>
  <testcase classname="Ecommerce_Automation.Shopping_app.FlipkartTest" name="switchToNewTabAndAddToCart" time="2.431"/>
  <system-out/>
  <testcase classname="Ecommerce_Automation.Shopping_app.FlipkartTest" name="verifyItemInCart" time="6.905"/>
  <system-out/>
  <testcase classname="Ecommerce_Automation.Shopping_app.FlipkartTest" name="verifyItemInCart" time="0.580"/>
  <system-out/>
  <testcase classname="Ecommerce_Automation.Shopping_app.FlipkartTest" name="removeItemFromCart" time="0.226"/>
  <system-out/>
  <testcase classname="Ecommerce_Automation.Shopping_app.FlipkartTest" name="removeItemFromCart" time="0.184"/>
  <system-out/>
  <testcase classname="Ecommerce_Automation.Shopping_app.FlipkartTest" name="switchBackToParentTab" time="0.005"/>
  <system-out/>
  <testcase classname="Ecommerce_Automation.Shopping_app.FlipkartTest" name="switchBackToParentTab" time="0.017"/>
  <system-out/>
  <testcase classname="Ecommerce_Automation.Shopping_app.FlipkartTest" name="verifyItemPrice">
    <skipped/>
  </testcase> <!-- verifyItemPrice -->
  <system-out/>
  <testcase classname="Ecommerce_Automation.Shopping_app.FlipkartTest" name="verifyItemPrice">
    <skipped/>
  </testcase> <!-- verifyItemPrice -->
  <system-out/>
</testsuite> <!-- Ecommerce_Automation.Shopping_app.FlipkartTest -->
