<?xml version="1.0" encoding="UTF-8"?>
<!-- Generated by org.testng.reporters.JUnitReportReporter -->
<testsuite hostname="LAPTOP-8UKHKL7O" failures="0" tests="20" name="Ecommerce_Automation.Shopping_app.FlipkartTest" time="48.585" errors="0" timestamp="2024-12-06T13:56:43 IST" skipped="2">
  <testcase classname="Ecommerce_Automation.Shopping_app.FlipkartTest" name="searchForProduct" time="2.638"/>
  <system-out/>
  <testcase classname="Ecommerce_Automation.Shopping_app.FlipkartTest" name="searchForProduct" time="2.868"/>
  <system-out/>
  <testcase classname="Ecommerce_Automation.Shopping_app.FlipkartTest" name="applyPriceFilter" time="8.588"/>
  <system-out/>
  <testcase classname="Ecommerce_Automation.Shopping_app.FlipkartTest" name="applyPriceFilter" time="8.322"/>
  <system-out/>
  <testcase classname="Ecommerce_Automation.Shopping_app.FlipkartTest" name="applyStarRatingFilter" time="3.332"/>
  <system-out/>
  <testcase classname="Ecommerce_Automation.Shopping_app.FlipkartTest" name="applyStarRatingFilter" time="3.179"/>
  <system-out/>
  <testcase classname="Ecommerce_Automation.Shopping_app.FlipkartTest" name="sortItemsLowToHigh" time="3.309"/>
  <system-out/>
  <testcase classname="Ecommerce_Automation.Shopping_app.FlipkartTest" name="sortItemsLowToHigh" time="3.176"/>
  <system-out/>
  <testcase classname="Ecommerce_Automation.Shopping_app.FlipkartTest" name="selectFifthItem" time="3.410"/>
  <system-out/>
  <testcase classname="Ecommerce_Automation.Shopping_app.FlipkartTest" name="selectFifthItem" time="3.225"/>
  <system-out/>
  <testcase classname="Ecommerce_Automation.Shopping_app.FlipkartTest" name="switchToNewTabAndAddToCart" time="2.813"/>
  <system-out/>
  <testcase classname="Ecommerce_Automation.Shopping_app.FlipkartTest" name="switchToNewTabAndAddToCart" time="1.654"/>
  <system-out/>
  <testcase classname="Ecommerce_Automation.Shopping_app.FlipkartTest" name="verifyItemInCart" time="0.569"/>
  <system-out/>
  <testcase classname="Ecommerce_Automation.Shopping_app.FlipkartTest" name="verifyItemInCart" time="0.579"/>
  <system-out/>
  <testcase classname="Ecommerce_Automation.Shopping_app.FlipkartTest" name="removeItemFromCart" time="0.231"/>
  <system-out/>
  <testcase classname="Ecommerce_Automation.Shopping_app.FlipkartTest" name="removeItemFromCart" time="0.667"/>
  <system-out/>
  <testcase classname="Ecommerce_Automation.Shopping_app.FlipkartTest" name="switchBackToParentTab" time="0.010"/>
  <system-out/>
  <testcase classname="Ecommerce_Automation.Shopping_app.FlipkartTest" name="switchBackToParentTab" time="0.015"/>
  <system-out/>
  <testcase classname="Ecommerce_Automation.Shopping_app.FlipkartTest" name="verifyItemPrice">
    <skipped/>
  </testcase> <!-- verifyItemPrice -->
  <system-out/>
  <testcase classname="Ecommerce_Automation.Shopping_app.FlipkartTest" name="verifyItemPrice">
    <skipped/>
  </testcase> <!-- verifyItemPrice -->
  <system-out/>
</testsuite> <!-- Ecommerce_Automation.Shopping_app.FlipkartTest -->
